<?xml version="1.0" encoding="UTF-8" ?>
<testsuite errors="0" failures="0" hostname="LAPTOP-EA2V22UR" name="sokoban.BoardAnalysisPackage.BoardCheckerTest" skipped="0" tests="3" time="0.141" timestamp="2021-05-26T12:50:15">
  <properties>
[...]
</properties>
  <testcase classname="sokoban.BoardAnalysisPackage.BoardCheckerTest" name="testLegitMove" time="0.0" />
  <testcase classname="sokoban.BoardAnalysisPackage.BoardCheckerTest" name="testWinCheck" time="0.0" />
  <testcase classname="sokoban.BoardAnalysisPackage.BoardCheckerTest" name="testMovableBoxCheck" time="0.0" />
  <system-out><![CDATA[legitMove
TestBoard
  0 1 2 3 4 5 6 7
0 # # x # # # # #
1 . . . . . . . .
2 . . . . . . . .
3 . . C . . . . .
4 . . . . . . . .
5 . . . . . . . .
6 . . . . . . . .
7 # . . . . . . .
winCheck
TestBoard
  0 1 2 3 4 5 6 7
0 # # x # # # # #
1 . . . . . . . .
2 . . . . . . . .
3 . . C . . . . .
4 . . . . . . . .
5 . . . . . . . .
6 . . . . . . . .
7 # . . . . . . .
movableBoxCheck
TestBoard
  0 1 2 3 4 5 6 7
0 # # # # # # # #
1 . . x . . . . .
2 . . . . . . . .
3 . . . C C C C C
4 . . . . . . . .
5 . . . . . . . .
6 . . . . . . . .
7 # . . . . . . .
]]></system-out>
  <system-err><![CDATA[]]></system-err>
</testsuite>
